<?xml version="1.0" encoding="UTF-8" ?>
<testsuite tests="9" failures="1" name="com.practical.billviewservice.AppGoldTest" time="0.091" errors="0" skipped="0">
  <properties>
[...]
</properties>
  <testcase classname="com.practical.billviewservice.AppGoldTest" name="testException" time="0.021">
    <failure message="expected:&lt;139.3&gt; but was:&lt;-37.05&gt;" type="junit.framework.AssertionFailedError">junit.framework.AssertionFailedError: expected:&lt;139.3&gt; but was:&lt;-37.05&gt;
	at junit.framework.Assert.fail(Assert.java:57)
	at junit.framework.Assert.failNotEquals(Assert.java:329)
	at junit.framework.Assert.assertEquals(Assert.java:78)
	at junit.framework.Assert.assertEquals(Assert.java:86)
	at junit.framework.TestCase.assertEquals(TestCase.java:253)
	at com.practical.billviewservice.AppGoldTest.testException(AppGoldTest.java:132)
	at sun.reflect.NativeMethodAccessorImpl.invoke0(Native Method)
	at sun.reflect.NativeMethodAccessorImpl.invoke(NativeMethodAccessorImpl.java:62)
	at sun.reflect.DelegatingMethodAccessorImpl.invoke(DelegatingMethodAccessorImpl.java:43)
	at java.lang.reflect.Method.invoke(Method.java:497)
	at junit.framework.TestCase.runTest(TestCase.java:176)
	at junit.framework.TestCase.runBare(TestCase.java:141)
	at junit.framework.TestResult$1.protect(TestResult.java:122)
	at junit.framework.TestResult.runProtected(TestResult.java:142)
	at junit.framework.TestResult.run(TestResult.java:125)
	at junit.framework.TestCase.run(TestCase.java:129)
	at junit.framework.TestSuite.runTest(TestSuite.java:252)
	at junit.framework.TestSuite.run(TestSuite.java:247)
	at org.junit.internal.runners.JUnit38ClassRunner.run(JUnit38ClassRunner.java:86)
	at org.apache.maven.surefire.junit4.JUnit4Provider.execute(JUnit4Provider.java:252)
	at org.apache.maven.surefire.junit4.JUnit4Provider.executeTestSet(JUnit4Provider.java:141)
	at org.apache.maven.surefire.junit4.JUnit4Provider.invoke(JUnit4Provider.java:112)
	at sun.reflect.NativeMethodAccessorImpl.invoke0(Native Method)
	at sun.reflect.NativeMethodAccessorImpl.invoke(NativeMethodAccessorImpl.java:62)
	at sun.reflect.DelegatingMethodAccessorImpl.invoke(DelegatingMethodAccessorImpl.java:43)
	at java.lang.reflect.Method.invoke(Method.java:497)
	at org.apache.maven.surefire.util.ReflectionUtils.invokeMethodWithArray(ReflectionUtils.java:189)
	at org.apache.maven.surefire.booter.ProviderFactory$ProviderProxy.invoke(ProviderFactory.java:165)
	at org.apache.maven.surefire.booter.ProviderFactory.invokeProvider(ProviderFactory.java:85)
	at org.apache.maven.surefire.booter.ForkedBooter.runSuitesInProcess(ForkedBooter.java:115)
	at org.apache.maven.surefire.booter.ForkedBooter.main(ForkedBooter.java:75)
</failure>
  </testcase>
  <testcase classname="com.practical.billviewservice.AppGoldTest" name="testBasicLineExMinNoDC" time="0.003"/>
  <testcase classname="com.practical.billviewservice.AppGoldTest" name="testAddLineExMinDC" time="0"/>
  <testcase classname="com.practical.billviewservice.AppGoldTest" name="testAddLine" time="0"/>
  <testcase classname="com.practical.billviewservice.AppGoldTest" name="testBasicLine" time="0"/>
  <testcase classname="com.practical.billviewservice.AppGoldTest" name="testCalculatorTotalGold" time="0.001"/>
  <testcase classname="com.practical.billviewservice.AppGoldTest" name="testAddLineDC" time="0.001"/>
  <testcase classname="com.practical.billviewservice.AppGoldTest" name="testAddLineExMinNoDC" time="0.001"/>
  <testcase classname="com.practical.billviewservice.AppGoldTest" name="testbillViewServiceGold" time="0.064"/>
</testsuite>